[debug] [2024-11-19T07:52:32.373Z] ----------------------------------------------------------------------
[debug] [2024-11-19T07:52:32.379Z] Command:       C:\Program Files\nodejs\node.exe C:\Users\Sumayyah Muhibudeen\AppData\Local\npm-cache\_npx\7750544ccf494d8b\node_modules\firebase-tools\lib\bin\firebase.js init
[debug] [2024-11-19T07:52:32.380Z] CLI Version:   13.25.0
[debug] [2024-11-19T07:52:32.380Z] Platform:      win32
[debug] [2024-11-19T07:52:32.380Z] Node Version:  v20.12.2
[debug] [2024-11-19T07:52:32.381Z] Time:          Tue Nov 19 2024 08:52:32 GMT+0100 (West Africa Standard Time)
[debug] [2024-11-19T07:52:32.381Z] ----------------------------------------------------------------------
[debug] 
[debug] [2024-11-19T07:52:32.522Z] > command requires scopes: ["email","openid","https://www.googleapis.com/auth/cloudplatformprojects.readonly","https://www.googleapis.com/auth/firebase","https://www.googleapis.com/auth/cloud-platform"]
[debug] [2024-11-19T07:52:32.523Z] > authorizing via signed-in user (muhibudeen.oriola@gmail.com)
[info] 
     ######## #### ########  ######## ########     ###     ######  ########
     ##        ##  ##     ## ##       ##     ##  ##   ##  ##       ##
     ######    ##  ########  ######   ########  #########  ######  ######
     ##        ##  ##    ##  ##       ##     ## ##     ##       ## ##
     ##       #### ##     ## ######## ########  ##     ##  ######  ########

You're about to initialize a Firebase project in this directory:

  C:\Users\Sumayyah Muhibudeen\origold\lsetf-students-database

Before we get started, keep in mind:

  * You are initializing within an existing Firebase project directory

